<?xml version="1.0" encoding="UTF-8"?>
<!-- Generated by org.testng.reporters.JUnitXMLReporter -->
<testsuite ignored="0" hostname="LTIN454249" failures="0" tests="8" name="Default test" time="0.116" errors="0" timestamp="2024-03-08T23:00:04 IST">
  <testcase classname="testBase.BaseClass" name="@BeforeTest setup" time="-1.709919004534E9">
    <failure type="org.testng.TestNGException" message="
Parameter &amp;apos;os&amp;apos; is required by BeforeTest on method setup but has not been marked @Optional or defined
in C:\Users\2303498\AppData\Local\Temp\testng-eclipse-522910879\testng-customsuite.xml">
      <![CDATA[org.testng.TestNGException: 
Parameter 'os' is required by BeforeTest on method setup but has not been marked @Optional or defined
in C:\Users\2303498\AppData\Local\Temp\testng-eclipse-522910879\testng-customsuite.xml
at org.testng.internal.Parameters.createParams(Parameters.java:267)
at org.testng.internal.Parameters.createParametersForMethod(Parameters.java:355)
at org.testng.internal.Parameters.createParameters(Parameters.java:684)
at org.testng.internal.Parameters.createConfigurationParameters(Parameters.java:166)
at org.testng.internal.invokers.ConfigInvoker.invokeConfigurations(ConfigInvoker.java:277)
at org.testng.TestRunner.invokeTestConfigurations(TestRunner.java:644)
at org.testng.TestRunner.beforeRun(TestRunner.java:633)
at org.testng.TestRunner.run(TestRunner.java:595)
at org.testng.SuiteRunner.runTest(SuiteRunner.java:437)
at org.testng.SuiteRunner.runSequentially(SuiteRunner.java:431)
at org.testng.SuiteRunner.privateRun(SuiteRunner.java:391)
at org.testng.SuiteRunner.run(SuiteRunner.java:330)
at org.testng.SuiteRunnerWorker.runSuite(SuiteRunnerWorker.java:52)
at org.testng.SuiteRunnerWorker.run(SuiteRunnerWorker.java:95)
at org.testng.TestNG.runSuitesSequentially(TestNG.java:1256)
at org.testng.TestNG.runSuitesLocally(TestNG.java:1176)
at org.testng.TestNG.runSuites(TestNG.java:1099)
at org.testng.TestNG.run(TestNG.java:1067)
at org.testng.remote.AbstractRemoteTestNG.run(AbstractRemoteTestNG.java:115)
at org.testng.remote.RemoteTestNG.initAndRun(RemoteTestNG.java:251)
at org.testng.remote.RemoteTestNG.main(RemoteTestNG.java:77)
]]>
    </failure>
  </testcase> <!-- @BeforeTest setup -->
  <testcase classname="testBase.BaseClass" name="@AfterTest tearDown" time="0.0">
    <skipped/>
  </testcase> <!-- @AfterTest tearDown -->
  <testcase classname="testCases.TC001_SearchHomePage" name="searchHomePage" time="0.0">
    <skipped/>
  </testcase> <!-- searchHomePage -->
  <testcase classname="testCases.TC002_WebDevelopmentPage" name="levelSelector" time="0.0">
    <skipped/>
  </testcase> <!-- levelSelector -->
  <testcase classname="testCases.TC002_WebDevelopmentPage" name="languageSelect" time="0.0">
    <skipped/>
  </testcase> <!-- languageSelect -->
  <testcase classname="testCases.TC002_WebDevelopmentPage" name="Result" time="0.0">
    <skipped/>
  </testcase> <!-- Result -->
  <testcase classname="testCases.TC002_WebDevelopmentPage" name="deatilsFirstCard" time="0.0">
    <skipped/>
  </testcase> <!-- deatilsFirstCard -->
  <testcase classname="testCases.TC002_WebDevelopmentPage" name="Headings" time="0.0">
    <skipped/>
  </testcase> <!-- Headings -->
  <testcase classname="testCases.TC001_SearchHomePage" name="Search2" time="0.0">
    <skipped/>
  </testcase> <!-- Search2 -->
  <testcase classname="testCases.TC001_SearchHomePage" name="ThirdtimeHomepage" time="0.0">
    <skipped/>
  </testcase> <!-- ThirdtimeHomepage -->
</testsuite> <!-- Default test -->
