<?xml version="1.0" encoding="UTF-8"?>
<!-- Generated by org.testng.reporters.JUnitXMLReporter -->
<testsuite ignored="0" hostname="LTIN454349" failures="1" tests="13" name="test1" time="82.138" errors="0" timestamp="2024-02-09T10:43:18 IST">
  <testcase classname="testCases.TC001_SearchHomePage" name="searchHomePage" time="7.983"/>
  <testcase classname="testCases.TC002_WebDevelopmentPage" name="levelSelector" time="3.329"/>
  <testcase classname="testCases.TC002_WebDevelopmentPage" name="languageSelect" time="2.135">
    <failure type="org.openqa.selenium.ElementClickInterceptedException" message="element click intercepted: Element &amp;lt;span class=&amp;quot;cds-149 cds-225 cds-221 cds-215 cds-220 cds-checkboxAndRadio-input css-1lc66l1 cds-230&amp;quot;&amp;gt;...&amp;lt;/span&amp;gt; is not clickable at point (60, 12). Other element would receive the click: &amp;lt;span&amp;gt;...&amp;lt;/span&amp;gt;
  (Session info: chrome=120.0.6099.130)
Build info: version: &amp;apos;4.15.0&amp;apos;, revision: &amp;apos;1d14b5521b&amp;apos;
System info: os.name: &amp;apos;Windows 11&amp;apos;, os.arch: &amp;apos;amd64&amp;apos;, os.version: &amp;apos;10.0&amp;apos;, java.version: &amp;apos;17.0.10&amp;apos;
Driver info: org.openqa.selenium.chrome.ChromeDriver
Command: [cfc20efffacd0254c514bf886fd495e6, clickElement {id=755F78EC098011B3AE60D969C270355F_element_95}]
Capabilities {acceptInsecureCerts: false, browserName: chrome, browserVersion: 120.0.6099.130, chrome: {chromedriverVersion: 120.0.6099.109 (3419140ab66..., userDataDir: C:\Windows\SystemTemp\scope...}, fedcm:accounts: true, goog:chromeOptions: {debuggerAddress: localhost:65117}, networkConnectionEnabled: false, pageLoadStrategy: normal, platformName: windows, proxy: Proxy(), se:cdp: ws://localhost:65117/devtoo..., se:cdpVersion: 120.0.6099.130, setWindowRect: true, strictFileInteractability: false, timeouts: {implicit: 0, pageLoad: 300000, script: 30000}, unhandledPromptBehavior: dismiss and notify, webauthn:extension:credBlob: true, webauthn:extension:largeBlob: true, webauthn:extension:minPinLength: true, webauthn:extension:prf: true, webauthn:virtualAuthenticators: true}
Element: [[ChromeDriver: chrome on windows (cfc20efffacd0254c514bf886fd495e6)] -&amp;gt; xpath: (//span[text()=&amp;apos;English&amp;apos;]//parent::div//preceding-sibling::span)[1]]
Session ID: cfc20efffacd0254c514bf886fd495e6">
      <![CDATA[org.openqa.selenium.ElementClickInterceptedException: element click intercepted: Element <span class="cds-149 cds-225 cds-221 cds-215 cds-220 cds-checkboxAndRadio-input css-1lc66l1 cds-230">...</span> is not clickable at point (60, 12). Other element would receive the click: <span>...</span>
  (Session info: chrome=120.0.6099.130)
Build info: version: '4.15.0', revision: '1d14b5521b'
System info: os.name: 'Windows 11', os.arch: 'amd64', os.version: '10.0', java.version: '17.0.10'
Driver info: org.openqa.selenium.chrome.ChromeDriver
Command: [cfc20efffacd0254c514bf886fd495e6, clickElement {id=755F78EC098011B3AE60D969C270355F_element_95}]
Capabilities {acceptInsecureCerts: false, browserName: chrome, browserVersion: 120.0.6099.130, chrome: {chromedriverVersion: 120.0.6099.109 (3419140ab66..., userDataDir: C:\Windows\SystemTemp\scope...}, fedcm:accounts: true, goog:chromeOptions: {debuggerAddress: localhost:65117}, networkConnectionEnabled: false, pageLoadStrategy: normal, platformName: windows, proxy: Proxy(), se:cdp: ws://localhost:65117/devtoo..., se:cdpVersion: 120.0.6099.130, setWindowRect: true, strictFileInteractability: false, timeouts: {implicit: 0, pageLoad: 300000, script: 30000}, unhandledPromptBehavior: dismiss and notify, webauthn:extension:credBlob: true, webauthn:extension:largeBlob: true, webauthn:extension:minPinLength: true, webauthn:extension:prf: true, webauthn:virtualAuthenticators: true}
Element: [[ChromeDriver: chrome on windows (cfc20efffacd0254c514bf886fd495e6)] -> xpath: (//span[text()='English']//parent::div//preceding-sibling::span)[1]]
Session ID: cfc20efffacd0254c514bf886fd495e6
at org.openqa.selenium.remote.codec.w3c.W3CHttpResponseCodec.createException(W3CHttpResponseCodec.java:200)
at org.openqa.selenium.remote.codec.w3c.W3CHttpResponseCodec.decode(W3CHttpResponseCodec.java:133)
at org.openqa.selenium.remote.codec.w3c.W3CHttpResponseCodec.decode(W3CHttpResponseCodec.java:52)
at org.openqa.selenium.remote.HttpCommandExecutor.execute(HttpCommandExecutor.java:191)
at org.openqa.selenium.remote.service.DriverCommandExecutor.invokeExecute(DriverCommandExecutor.java:200)
at org.openqa.selenium.remote.service.DriverCommandExecutor.execute(DriverCommandExecutor.java:175)
at org.openqa.selenium.remote.RemoteWebDriver.execute(RemoteWebDriver.java:607)
at org.openqa.selenium.remote.RemoteWebElement.execute(RemoteWebElement.java:224)
at org.openqa.selenium.remote.RemoteWebElement.click(RemoteWebElement.java:77)
at org.openqa.selenium.support.pagefactory.internal.LocatingElementHandler.invoke(LocatingElementHandler.java:51)
at jdk.proxy2/jdk.proxy2.$Proxy30.click(Unknown Source)
at pageObjects.WebDevelopmentPage.selectLanguage(WebDevelopmentPage.java:60)
at testCases.TC002_WebDevelopmentPage.languageSelect(TC002_WebDevelopmentPage.java:24)
at java.base/java.util.ArrayList.forEach(ArrayList.java:1511)
... Removed 36 stack frames]]>
    </failure>
  </testcase> <!-- languageSelect -->
  <testcase classname="testCases.TC002_WebDevelopmentPage" name="Result" time="2.036"/>
  <testcase classname="testCases.TC002_WebDevelopmentPage" name="deatilsFirstCard" time="1.379"/>
  <testcase classname="testCases.TC002_WebDevelopmentPage" name="Headings" time="2.519"/>
  <testcase classname="testCases.TC001_SearchHomePage" name="Search2" time="6.851"/>
  <testcase classname="testCases.TC003_LanguageLearning" name="displayLevels" time="0.282"/>
  <testcase classname="testCases.TC003_LanguageLearning" name="displayLanguages" time="7.599"/>
  <testcase classname="testCases.TC001_SearchHomePage" name="ThirdtimeHomepage" time="12.009"/>
  <testcase classname="testCases.TC004_BusinessCoursera" name="clickSolution" time="5.691"/>
  <testcase classname="testCases.TC004_BusinessCoursera" name="clickContactUs" time="5.642"/>
  <testcase classname="testCases.TC004_BusinessCoursera" name="details" time="3.334"/>
</testsuite> <!-- test1 -->
